Build started 28/04/2016 13:34:14.
     1>Project "C:\Users\Sam\Documents\GitHub\DP1_Sam_Timo\DP1_Sam_Timo\DP1_Sam_Timo.vcxproj" on node 2 (Build target(s)).
     1>ClCompile:
         C:\Program Files (x86)\Microsoft Visual Studio 12.0\VC\bin\CL.exe /c /ZI /nologo /W3 /WX- /sdl /Od /Oy- /D _MBCS /Gm /EHsc /RTC1 /MDd /GS /fp:precise /Zc:wchar_t /Zc:forScope /Fo"Debug\\" /Fd"Debug\vc120.pdb" /Gd /TP /analyze- /errorReport:prompt Filereader.cpp Main.cpp
         Filereader.cpp
     1>c:\users\sam\documents\github\dp1_sam_timo\dp1_sam_timo\filereader.cpp(11): error C2400: inline assembler syntax error in 'opcode'; found 'newline'
     1>c:\users\sam\documents\github\dp1_sam_timo\dp1_sam_timo\filereader.cpp(12): error C2065: 'XOR' : undeclared identifier
     1>c:\users\sam\documents\github\dp1_sam_timo\dp1_sam_timo\filereader.cpp(12): error C2146: syntax error : missing ';' before identifier '_path'
         Generating Code...
         Compiling...
         Main.cpp
         Generating Code...
     1>Done Building Project "C:\Users\Sam\Documents\GitHub\DP1_Sam_Timo\DP1_Sam_Timo\DP1_Sam_Timo.vcxproj" (Build target(s)) -- FAILED.

Build FAILED.

Time Elapsed 00:00:01.34
